0 info it worked if it ends with ok
1 verbose cli [ '/home/ubuntu/.nvm/versions/node/v4.4.5/bin/node',
1 verbose cli   '/home/ubuntu/.nvm/versions/node/v4.4.5/bin/npm',
1 verbose cli   'install',
1 verbose cli   'express-passport-logout',
1 verbose cli   '--save' ]
2 info using npm@3.9.6
3 info using node@v4.4.5
4 silly loadCurrentTree Starting
5 silly install loadCurrentTree
6 silly install readLocalPackageData
7 silly fetchPackageMetaData express-passport-logout
8 silly fetchNamedPackageData express-passport-logout
9 silly mapToRegistry name express-passport-logout
10 silly mapToRegistry using default registry
11 silly mapToRegistry registry https://registry.npmjs.org/
12 silly mapToRegistry data Result {
12 silly mapToRegistry   raw: 'express-passport-logout',
12 silly mapToRegistry   scope: null,
12 silly mapToRegistry   name: 'express-passport-logout',
12 silly mapToRegistry   rawSpec: '',
12 silly mapToRegistry   spec: 'latest',
12 silly mapToRegistry   type: 'tag' }
13 silly mapToRegistry uri https://registry.npmjs.org/express-passport-logout
14 verbose request uri https://registry.npmjs.org/express-passport-logout
15 verbose request no auth needed
16 info attempt registry request try #1 at 2:44:27 PM
17 verbose request id 15cac3f20e035c1c
18 http request GET https://registry.npmjs.org/express-passport-logout
19 http 200 https://registry.npmjs.org/express-passport-logout
20 verbose headers { server: 'CouchDB/1.5.0 (Erlang OTP/R16B03)',
20 verbose headers   etag: '"4TIQQBHBH300WNCAHVIY25IDW"',
20 verbose headers   'content-type': 'application/json',
20 verbose headers   'content-encoding': 'gzip',
20 verbose headers   'cache-control': 'max-age=300',
20 verbose headers   'content-length': '775',
20 verbose headers   'accept-ranges': 'bytes',
20 verbose headers   date: 'Mon, 25 Jul 2016 14:44:27 GMT',
20 verbose headers   via: '1.1 varnish',
20 verbose headers   age: '0',
20 verbose headers   connection: 'keep-alive',
20 verbose headers   'x-served-by': 'cache-ord1734-ORD',
20 verbose headers   'x-cache': 'MISS',
20 verbose headers   'x-cache-hits': '0',
20 verbose headers   'x-timer': 'S1469457867.655309,VS0,VE37',
20 verbose headers   vary: 'Accept-Encoding' }
21 silly get cb [ 200,
21 silly get   { server: 'CouchDB/1.5.0 (Erlang OTP/R16B03)',
21 silly get     etag: '"4TIQQBHBH300WNCAHVIY25IDW"',
21 silly get     'content-type': 'application/json',
21 silly get     'content-encoding': 'gzip',
21 silly get     'cache-control': 'max-age=300',
21 silly get     'content-length': '775',
21 silly get     'accept-ranges': 'bytes',
21 silly get     date: 'Mon, 25 Jul 2016 14:44:27 GMT',
21 silly get     via: '1.1 varnish',
21 silly get     age: '0',
21 silly get     connection: 'keep-alive',
21 silly get     'x-served-by': 'cache-ord1734-ORD',
21 silly get     'x-cache': 'MISS',
21 silly get     'x-cache-hits': '0',
21 silly get     'x-timer': 'S1469457867.655309,VS0,VE37',
21 silly get     vary: 'Accept-Encoding' } ]
22 verbose get saving express-passport-logout to /home/ubuntu/.npm/registry.npmjs.org/express-passport-logout/.cache.json
23 verbose correctMkdir /home/ubuntu/.npm correctMkdir not in flight; initializing
24 silly install normalizeTree
25 silly loadCurrentTree Finishing
26 silly loadIdealTree Starting
27 silly install loadIdealTree
28 silly cloneCurrentTree Starting
29 silly install cloneCurrentTreeToIdealTree
30 silly cloneCurrentTree Finishing
31 silly loadShrinkwrap Starting
32 silly install loadShrinkwrap
33 silly loadShrinkwrap Finishing
34 silly loadAllDepsIntoIdealTree Starting
35 silly install loadAllDepsIntoIdealTree
36 silly resolveWithNewModule express-passport-logout@0.1.0 checking installable status
37 silly cache add args [ 'express-passport-logout', null ]
38 verbose cache add spec express-passport-logout
39 silly cache add parsed spec Result {
39 silly cache add   raw: 'express-passport-logout',
39 silly cache add   scope: null,
39 silly cache add   name: 'express-passport-logout',
39 silly cache add   rawSpec: '',
39 silly cache add   spec: 'latest',
39 silly cache add   type: 'tag' }
40 silly addNamed express-passport-logout@latest
41 verbose addNamed "latest" is being treated as a dist-tag for express-passport-logout
42 info addNameTag [ 'express-passport-logout', 'latest' ]
43 silly mapToRegistry name express-passport-logout
44 silly mapToRegistry using default registry
45 silly mapToRegistry registry https://registry.npmjs.org/
46 silly mapToRegistry data Result {
46 silly mapToRegistry   raw: 'express-passport-logout',
46 silly mapToRegistry   scope: null,
46 silly mapToRegistry   name: 'express-passport-logout',
46 silly mapToRegistry   rawSpec: '',
46 silly mapToRegistry   spec: 'latest',
46 silly mapToRegistry   type: 'tag' }
47 silly mapToRegistry uri https://registry.npmjs.org/express-passport-logout
48 verbose addNameTag registry:https://registry.npmjs.org/express-passport-logout not in flight; fetching
49 verbose get https://registry.npmjs.org/express-passport-logout not expired, no request
50 silly addNameTag next cb for express-passport-logout with tag latest
51 silly addNamed express-passport-logout@0.1.0
52 verbose addNamed "0.1.0" is a plain semver version for express-passport-logout
53 silly mapToRegistry name express-passport-logout
54 silly mapToRegistry using default registry
55 silly mapToRegistry registry https://registry.npmjs.org/
56 silly mapToRegistry data Result {
56 silly mapToRegistry   raw: 'express-passport-logout',
56 silly mapToRegistry   scope: null,
56 silly mapToRegistry   name: 'express-passport-logout',
56 silly mapToRegistry   rawSpec: '',
56 silly mapToRegistry   spec: 'latest',
56 silly mapToRegistry   type: 'tag' }
57 silly mapToRegistry uri https://registry.npmjs.org/express-passport-logout
58 verbose addRemoteTarball https://registry.npmjs.org/express-passport-logout/-/express-passport-logout-0.1.0.tgz not in flight; adding
59 verbose addRemoteTarball [ 'https://registry.npmjs.org/express-passport-logout/-/express-passport-logout-0.1.0.tgz',
59 verbose addRemoteTarball   'ae20b635312f43b10a24c35e1eb1e89bda3ecd27' ]
60 info retry fetch attempt 1 at 2:44:27 PM
61 info attempt registry request try #1 at 2:44:27 PM
62 http fetch GET https://registry.npmjs.org/express-passport-logout/-/express-passport-logout-0.1.0.tgz
63 http fetch 200 https://registry.npmjs.org/express-passport-logout/-/express-passport-logout-0.1.0.tgz
64 silly fetchAndShaCheck shasum ae20b635312f43b10a24c35e1eb1e89bda3ecd27
65 verbose addTmpTarball /tmp/npm-33665-be5a7e34/registry.npmjs.org/express-passport-logout/-/express-passport-logout-0.1.0.tgz not in flight; adding
66 verbose addTmpTarball already have metadata; skipping unpack for express-passport-logout@0.1.0
67 verbose correctMkdir /home/ubuntu/.npm correctMkdir not in flight; initializing
68 silly cache afterAdd express-passport-logout@0.1.0
69 verbose afterAdd /home/ubuntu/.npm/express-passport-logout/0.1.0/package/package.json not in flight; writing
70 verbose correctMkdir /home/ubuntu/.npm correctMkdir not in flight; initializing
71 verbose afterAdd /home/ubuntu/.npm/express-passport-logout/0.1.0/package/package.json written
72 silly loadAllDepsIntoIdealTree Finishing
73 silly idealTree:prePrune index.js@0.0.1
73 silly idealTree:prePrune ├── asap@1.0.0
73 silly idealTree:prePrune ├── base64-url@1.2.2
73 silly idealTree:prePrune ├── bluebird@2.10.2
73 silly idealTree:prePrune ├── body-parser@1.15.2
73 silly idealTree:prePrune ├── bower@1.7.9
73 silly idealTree:prePrune ├── bson@0.4.23
73 silly idealTree:prePrune ├─┬ busboy
73 silly idealTree:prePrune │ └── readable-stream@1.1.14
73 silly idealTree:prePrune ├── bytes@2.4.0
73 silly idealTree:prePrune ├── connect-ensure-login@0.1.1
73 silly idealTree:prePrune ├── content-type@1.0.2
73 silly idealTree:prePrune ├── cookie-parser@1.4.3
73 silly idealTree:prePrune ├── cookie-signature@1.0.6
73 silly idealTree:prePrune ├── cookie@0.3.1
73 silly idealTree:prePrune ├── core-util-is@1.0.2
73 silly idealTree:prePrune ├── crc@3.4.0
73 silly idealTree:prePrune ├─┬ debug@2.2.0
73 silly idealTree:prePrune │ └── ms@0.7.1
73 silly idealTree:prePrune ├── depd@1.1.0
73 silly idealTree:prePrune ├── ee-first@1.1.1
73 silly idealTree:prePrune ├── es6-promise@3.0.2
73 silly idealTree:prePrune ├── express-passport-logout@0.1.0
73 silly idealTree:prePrune ├── express-session@1.14.0
73 silly idealTree:prePrune ├─┬ express@4.10.5
73 silly idealTree:prePrune │ ├─┬ accepts@1.1.4
73 silly idealTree:prePrune │ │ ├─┬ mime-types@2.0.14
73 silly idealTree:prePrune │ │ │ └── mime-db@1.12.0
73 silly idealTree:prePrune │ │ └── negotiator@0.4.9
73 silly idealTree:prePrune │ ├── content-disposition@0.5.0
73 silly idealTree:prePrune │ ├── cookie-signature@1.0.5
73 silly idealTree:prePrune │ ├── cookie@0.1.2
73 silly idealTree:prePrune │ ├─┬ debug@2.1.3
73 silly idealTree:prePrune │ │ └── ms@0.7.0
73 silly idealTree:prePrune │ ├── depd@1.0.1
73 silly idealTree:prePrune │ ├── escape-html@1.0.1
73 silly idealTree:prePrune │ ├─┬ etag@1.5.1
73 silly idealTree:prePrune │ │ └── crc@3.2.1
73 silly idealTree:prePrune │ ├── finalhandler@0.3.2
73 silly idealTree:prePrune │ ├── fresh@0.2.4
73 silly idealTree:prePrune │ ├── media-typer@0.3.0
73 silly idealTree:prePrune │ ├── merge-descriptors@0.0.2
73 silly idealTree:prePrune │ ├── methods@1.1.0
73 silly idealTree:prePrune │ ├─┬ on-finished@2.1.1
73 silly idealTree:prePrune │ │ └── ee-first@1.1.0
73 silly idealTree:prePrune │ ├── parseurl@1.3.1
73 silly idealTree:prePrune │ ├── path-to-regexp@0.1.3
73 silly idealTree:prePrune │ ├─┬ proxy-addr@1.0.10
73 silly idealTree:prePrune │ │ ├── forwarded@0.1.0
73 silly idealTree:prePrune │ │ └── ipaddr.js@1.0.5
73 silly idealTree:prePrune │ ├── qs@2.3.3
73 silly idealTree:prePrune │ ├── range-parser@1.0.3
73 silly idealTree:prePrune │ ├─┬ send@0.10.1
73 silly idealTree:prePrune │ │ ├── destroy@1.0.3
73 silly idealTree:prePrune │ │ ├── mime@1.2.11
73 silly idealTree:prePrune │ │ └── ms@0.6.2
73 silly idealTree:prePrune │ ├── serve-static@1.7.2
73 silly idealTree:prePrune │ ├─┬ type-is@1.5.7
73 silly idealTree:prePrune │ │ └─┬ mime-types@2.0.14
73 silly idealTree:prePrune │ │   └── mime-db@1.12.0
73 silly idealTree:prePrune │ ├── utils-merge@1.0.0
73 silly idealTree:prePrune │ └── vary@1.0.1
73 silly idealTree:prePrune ├── hooks-fixed@1.1.0
73 silly idealTree:prePrune ├── http-errors@1.5.0
73 silly idealTree:prePrune ├── iconv-lite@0.4.13
73 silly idealTree:prePrune ├── inherits@2.0.1
73 silly idealTree:prePrune ├── isarray@0.0.1
73 silly idealTree:prePrune ├── kareem@1.1.0
73 silly idealTree:prePrune ├── media-typer@0.3.0
73 silly idealTree:prePrune ├── mime-db@1.23.0
73 silly idealTree:prePrune ├── mime-types@2.1.11
73 silly idealTree:prePrune ├── mongod@1.3.0
73 silly idealTree:prePrune ├── mongodb-core@1.3.18
73 silly idealTree:prePrune ├── mongodb@2.1.18
73 silly idealTree:prePrune ├─┬ mongojs@0.12.1
73 silly idealTree:prePrune │ ├── bson@0.2.7
73 silly idealTree:prePrune │ ├── kerberos@0.0.3
73 silly idealTree:prePrune │ ├── mongodb@1.4.0
73 silly idealTree:prePrune │ ├── nan@0.8.0
73 silly idealTree:prePrune │ └── readable-stream@1.1.14
73 silly idealTree:prePrune ├─┬ mongoose@4.5.2
73 silly idealTree:prePrune │ └── async@1.5.2
73 silly idealTree:prePrune ├── mpath@0.2.1
73 silly idealTree:prePrune ├── mpromise@0.5.5
73 silly idealTree:prePrune ├─┬ mquery@1.11.0
73 silly idealTree:prePrune │ └── sliced@0.0.5
73 silly idealTree:prePrune ├── ms@0.7.1
73 silly idealTree:prePrune ├── muri@1.1.0
73 silly idealTree:prePrune ├── oauth@0.9.14
73 silly idealTree:prePrune ├── on-finished@2.3.0
73 silly idealTree:prePrune ├── on-headers@1.0.1
73 silly idealTree:prePrune ├── parseurl@1.3.1
73 silly idealTree:prePrune ├── passport-oauth1@1.1.0
73 silly idealTree:prePrune ├── passport-strategy@1.0.0
73 silly idealTree:prePrune ├── passport-twitter@1.0.4
73 silly idealTree:prePrune ├── passport@0.3.2
73 silly idealTree:prePrune ├── pause@0.0.1
73 silly idealTree:prePrune ├── promise@5.0.0
73 silly idealTree:prePrune ├── qs@6.2.0
73 silly idealTree:prePrune ├── random-bytes@1.0.0
73 silly idealTree:prePrune ├── raw-body@2.1.7
73 silly idealTree:prePrune ├── readable-stream@1.0.31
73 silly idealTree:prePrune ├── regexp-clone@0.0.1
73 silly idealTree:prePrune ├── require_optional@1.0.0
73 silly idealTree:prePrune ├── resolve-from@2.0.0
73 silly idealTree:prePrune ├── semver@5.1.1
73 silly idealTree:prePrune ├── setprototypeof@1.0.1
73 silly idealTree:prePrune ├── sliced@1.0.1
73 silly idealTree:prePrune ├── statuses@1.3.0
73 silly idealTree:prePrune ├── string_decoder@0.10.31
73 silly idealTree:prePrune ├── thunky@0.1.0
73 silly idealTree:prePrune ├── type-is@1.6.13
73 silly idealTree:prePrune ├── uid-safe@2.1.1
73 silly idealTree:prePrune ├── unpipe@1.0.0
73 silly idealTree:prePrune ├── utils-merge@1.0.0
73 silly idealTree:prePrune ├── xmldom@0.1.22
73 silly idealTree:prePrune └── xtraverse@0.1.0
74 silly loadIdealTree Finishing
75 silly currentTree index.js@0.0.1
75 silly currentTree ├── asap@1.0.0
75 silly currentTree ├── base64-url@1.2.2
75 silly currentTree ├── bluebird@2.10.2
75 silly currentTree ├── body-parser@1.15.2
75 silly currentTree ├── bower@1.7.9
75 silly currentTree ├── bson@0.4.23
75 silly currentTree ├─┬ busboy
75 silly currentTree │ └── readable-stream@1.1.14
75 silly currentTree ├── bytes@2.4.0
75 silly currentTree ├── connect-ensure-login@0.1.1
75 silly currentTree ├── content-type@1.0.2
75 silly currentTree ├── cookie-parser@1.4.3
75 silly currentTree ├── cookie-signature@1.0.6
75 silly currentTree ├── cookie@0.3.1
75 silly currentTree ├── core-util-is@1.0.2
75 silly currentTree ├── crc@3.4.0
75 silly currentTree ├─┬ debug@2.2.0
75 silly currentTree │ └── ms@0.7.1
75 silly currentTree ├── depd@1.1.0
75 silly currentTree ├── ee-first@1.1.1
75 silly currentTree ├── es6-promise@3.0.2
75 silly currentTree ├── express-session@1.14.0
75 silly currentTree ├─┬ express@4.10.5
75 silly currentTree │ ├─┬ accepts@1.1.4
75 silly currentTree │ │ ├─┬ mime-types@2.0.14
75 silly currentTree │ │ │ └── mime-db@1.12.0
75 silly currentTree │ │ └── negotiator@0.4.9
75 silly currentTree │ ├── content-disposition@0.5.0
75 silly currentTree │ ├── cookie-signature@1.0.5
75 silly currentTree │ ├── cookie@0.1.2
75 silly currentTree │ ├─┬ debug@2.1.3
75 silly currentTree │ │ └── ms@0.7.0
75 silly currentTree │ ├── depd@1.0.1
75 silly currentTree │ ├── escape-html@1.0.1
75 silly currentTree │ ├─┬ etag@1.5.1
75 silly currentTree │ │ └── crc@3.2.1
75 silly currentTree │ ├── finalhandler@0.3.2
75 silly currentTree │ ├── fresh@0.2.4
75 silly currentTree │ ├── media-typer@0.3.0
75 silly currentTree │ ├── merge-descriptors@0.0.2
75 silly currentTree │ ├── methods@1.1.0
75 silly currentTree │ ├─┬ on-finished@2.1.1
75 silly currentTree │ │ └── ee-first@1.1.0
75 silly currentTree │ ├── parseurl@1.3.1
75 silly currentTree │ ├── path-to-regexp@0.1.3
75 silly currentTree │ ├─┬ proxy-addr@1.0.10
75 silly currentTree │ │ ├── forwarded@0.1.0
75 silly currentTree │ │ └── ipaddr.js@1.0.5
75 silly currentTree │ ├── qs@2.3.3
75 silly currentTree │ ├── range-parser@1.0.3
75 silly currentTree │ ├─┬ send@0.10.1
75 silly currentTree │ │ ├── destroy@1.0.3
75 silly currentTree │ │ ├── mime@1.2.11
75 silly currentTree │ │ └── ms@0.6.2
75 silly currentTree │ ├── serve-static@1.7.2
75 silly currentTree │ ├─┬ type-is@1.5.7
75 silly currentTree │ │ └─┬ mime-types@2.0.14
75 silly currentTree │ │   └── mime-db@1.12.0
75 silly currentTree │ ├── utils-merge@1.0.0
75 silly currentTree │ └── vary@1.0.1
75 silly currentTree ├── hooks-fixed@1.1.0
75 silly currentTree ├── http-errors@1.5.0
75 silly currentTree ├── iconv-lite@0.4.13
75 silly currentTree ├── inherits@2.0.1
75 silly currentTree ├── isarray@0.0.1
75 silly currentTree ├── kareem@1.1.0
75 silly currentTree ├── media-typer@0.3.0
75 silly currentTree ├── mime-db@1.23.0
75 silly currentTree ├── mime-types@2.1.11
75 silly currentTree ├── mongod@1.3.0
75 silly currentTree ├── mongodb-core@1.3.18
75 silly currentTree ├── mongodb@2.1.18
75 silly currentTree ├─┬ mongojs@0.12.1
75 silly currentTree │ ├── bson@0.2.7
75 silly currentTree │ ├── kerberos@0.0.3
75 silly currentTree │ ├── mongodb@1.4.0
75 silly currentTree │ ├── nan@0.8.0
75 silly currentTree │ └── readable-stream@1.1.14
75 silly currentTree ├─┬ mongoose@4.5.2
75 silly currentTree │ └── async@1.5.2
75 silly currentTree ├── mpath@0.2.1
75 silly currentTree ├── mpromise@0.5.5
75 silly currentTree ├─┬ mquery@1.11.0
75 silly currentTree │ └── sliced@0.0.5
75 silly currentTree ├── ms@0.7.1
75 silly currentTree ├── muri@1.1.0
75 silly currentTree ├── oauth@0.9.14
75 silly currentTree ├── on-finished@2.3.0
75 silly currentTree ├── on-headers@1.0.1
75 silly currentTree ├── parseurl@1.3.1
75 silly currentTree ├── passport-oauth1@1.1.0
75 silly currentTree ├── passport-strategy@1.0.0
75 silly currentTree ├── passport-twitter@1.0.4
75 silly currentTree ├── passport@0.3.2
75 silly currentTree ├── pause@0.0.1
75 silly currentTree ├── promise@5.0.0
75 silly currentTree ├── qs@6.2.0
75 silly currentTree ├── random-bytes@1.0.0
75 silly currentTree ├── raw-body@2.1.7
75 silly currentTree ├── readable-stream@1.0.31
75 silly currentTree ├── regexp-clone@0.0.1
75 silly currentTree ├── require_optional@1.0.0
75 silly currentTree ├── resolve-from@2.0.0
75 silly currentTree ├── semver@5.1.1
75 silly currentTree ├── setprototypeof@1.0.1
75 silly currentTree ├── sliced@1.0.1
75 silly currentTree ├── statuses@1.3.0
75 silly currentTree ├── string_decoder@0.10.31
75 silly currentTree ├── thunky@0.1.0
75 silly currentTree ├── type-is@1.6.13
75 silly currentTree ├── uid-safe@2.1.1
75 silly currentTree ├── unpipe@1.0.0
75 silly currentTree ├── utils-merge@1.0.0
75 silly currentTree ├── xmldom@0.1.22
75 silly currentTree └── xtraverse@0.1.0
76 silly idealTree index.js@0.0.1
76 silly idealTree ├── asap@1.0.0
76 silly idealTree ├── base64-url@1.2.2
76 silly idealTree ├── bluebird@2.10.2
76 silly idealTree ├── body-parser@1.15.2
76 silly idealTree ├── bower@1.7.9
76 silly idealTree ├── bson@0.4.23
76 silly idealTree ├── busboy
76 silly idealTree ├── bytes@2.4.0
76 silly idealTree ├── connect-ensure-login@0.1.1
76 silly idealTree ├── content-type@1.0.2
76 silly idealTree ├── cookie-parser@1.4.3
76 silly idealTree ├── cookie-signature@1.0.6
76 silly idealTree ├── cookie@0.3.1
76 silly idealTree ├── core-util-is@1.0.2
76 silly idealTree ├── crc@3.4.0
76 silly idealTree ├─┬ debug@2.2.0
76 silly idealTree │ └── ms@0.7.1
76 silly idealTree ├── depd@1.1.0
76 silly idealTree ├── ee-first@1.1.1
76 silly idealTree ├── es6-promise@3.0.2
76 silly idealTree ├── express-passport-logout@0.1.0
76 silly idealTree ├── express-session@1.14.0
76 silly idealTree ├─┬ express@4.10.5
76 silly idealTree │ ├─┬ accepts@1.1.4
76 silly idealTree │ │ ├─┬ mime-types@2.0.14
76 silly idealTree │ │ │ └── mime-db@1.12.0
76 silly idealTree │ │ └── negotiator@0.4.9
76 silly idealTree │ ├── content-disposition@0.5.0
76 silly idealTree │ ├── cookie-signature@1.0.5
76 silly idealTree │ ├── cookie@0.1.2
76 silly idealTree │ ├─┬ debug@2.1.3
76 silly idealTree │ │ └── ms@0.7.0
76 silly idealTree │ ├── depd@1.0.1
76 silly idealTree │ ├── escape-html@1.0.1
76 silly idealTree │ ├─┬ etag@1.5.1
76 silly idealTree │ │ └── crc@3.2.1
76 silly idealTree │ ├── finalhandler@0.3.2
76 silly idealTree │ ├── fresh@0.2.4
76 silly idealTree │ ├── media-typer@0.3.0
76 silly idealTree │ ├── merge-descriptors@0.0.2
76 silly idealTree │ ├── methods@1.1.0
76 silly idealTree │ ├─┬ on-finished@2.1.1
76 silly idealTree │ │ └── ee-first@1.1.0
76 silly idealTree │ ├── parseurl@1.3.1
76 silly idealTree │ ├── path-to-regexp@0.1.3
76 silly idealTree │ ├─┬ proxy-addr@1.0.10
76 silly idealTree │ │ ├── forwarded@0.1.0
76 silly idealTree │ │ └── ipaddr.js@1.0.5
76 silly idealTree │ ├── qs@2.3.3
76 silly idealTree │ ├── range-parser@1.0.3
76 silly idealTree │ ├─┬ send@0.10.1
76 silly idealTree │ │ ├── destroy@1.0.3
76 silly idealTree │ │ ├── mime@1.2.11
76 silly idealTree │ │ └── ms@0.6.2
76 silly idealTree │ ├── serve-static@1.7.2
76 silly idealTree │ ├─┬ type-is@1.5.7
76 silly idealTree │ │ └─┬ mime-types@2.0.14
76 silly idealTree │ │   └── mime-db@1.12.0
76 silly idealTree │ ├── utils-merge@1.0.0
76 silly idealTree │ └── vary@1.0.1
76 silly idealTree ├── hooks-fixed@1.1.0
76 silly idealTree ├── http-errors@1.5.0
76 silly idealTree ├── iconv-lite@0.4.13
76 silly idealTree ├── inherits@2.0.1
76 silly idealTree ├── isarray@0.0.1
76 silly idealTree ├── kareem@1.1.0
76 silly idealTree ├── media-typer@0.3.0
76 silly idealTree ├── mime-db@1.23.0
76 silly idealTree ├── mime-types@2.1.11
76 silly idealTree ├── mongod@1.3.0
76 silly idealTree ├── mongodb-core@1.3.18
76 silly idealTree ├── mongodb@2.1.18
76 silly idealTree ├─┬ mongojs@0.12.1
76 silly idealTree │ ├── bson@0.2.7
76 silly idealTree │ ├── kerberos@0.0.3
76 silly idealTree │ ├── mongodb@1.4.0
76 silly idealTree │ ├── nan@0.8.0
76 silly idealTree │ └── readable-stream@1.1.14
76 silly idealTree ├─┬ mongoose@4.5.2
76 silly idealTree │ └── async@1.5.2
76 silly idealTree ├── mpath@0.2.1
76 silly idealTree ├── mpromise@0.5.5
76 silly idealTree ├─┬ mquery@1.11.0
76 silly idealTree │ └── sliced@0.0.5
76 silly idealTree ├── ms@0.7.1
76 silly idealTree ├── muri@1.1.0
76 silly idealTree ├── oauth@0.9.14
76 silly idealTree ├── on-finished@2.3.0
76 silly idealTree ├── on-headers@1.0.1
76 silly idealTree ├── parseurl@1.3.1
76 silly idealTree ├── passport-oauth1@1.1.0
76 silly idealTree ├── passport-strategy@1.0.0
76 silly idealTree ├── passport-twitter@1.0.4
76 silly idealTree ├── passport@0.3.2
76 silly idealTree ├── pause@0.0.1
76 silly idealTree ├── promise@5.0.0
76 silly idealTree ├── qs@6.2.0
76 silly idealTree ├── random-bytes@1.0.0
76 silly idealTree ├── raw-body@2.1.7
76 silly idealTree ├── readable-stream@1.0.31
76 silly idealTree ├── regexp-clone@0.0.1
76 silly idealTree ├── require_optional@1.0.0
76 silly idealTree ├── resolve-from@2.0.0
76 silly idealTree ├── semver@5.1.1
76 silly idealTree ├── setprototypeof@1.0.1
76 silly idealTree ├── sliced@1.0.1
76 silly idealTree ├── statuses@1.3.0
76 silly idealTree ├── string_decoder@0.10.31
76 silly idealTree ├── thunky@0.1.0
76 silly idealTree ├── type-is@1.6.13
76 silly idealTree ├── uid-safe@2.1.1
76 silly idealTree ├── unpipe@1.0.0
76 silly idealTree ├── utils-merge@1.0.0
76 silly idealTree ├── xmldom@0.1.22
76 silly idealTree └── xtraverse@0.1.0
77 silly generateActionsToTake Starting
78 silly install generateActionsToTake
79 warn checkPermissions Missing write access to /home/ubuntu/workspace/node_modules/busboy/node_modules
80 silly rollbackFailedOptional Starting
81 silly rollbackFailedOptional Finishing
82 silly runTopLevelLifecycles Starting
83 silly runTopLevelLifecycles Finishing
84 silly install printInstalled
85 warn enoent ENOENT: no such file or directory, open '/home/ubuntu/workspace/node_modules/busboy/package.json'
86 warn index.js@0.0.1 No description
87 warn index.js@0.0.1 No repository field.
88 warn index.js@0.0.1 No license field.
89 verbose stack Error: EACCES: permission denied, access '/home/ubuntu/workspace/node_modules/busboy/node_modules'
89 verbose stack     at Error (native)
90 verbose cwd /home/ubuntu/workspace
91 error Linux 4.2.0-c9
92 error argv "/home/ubuntu/.nvm/versions/node/v4.4.5/bin/node" "/home/ubuntu/.nvm/versions/node/v4.4.5/bin/npm" "install" "express-passport-logout" "--save"
93 error node v4.4.5
94 error npm  v3.9.6
95 error path /home/ubuntu/workspace/node_modules/busboy/node_modules
96 error code EACCES
97 error errno -13
98 error syscall access
99 error Error: EACCES: permission denied, access '/home/ubuntu/workspace/node_modules/busboy/node_modules'
99 error     at Error (native)
99 error  { [Error: EACCES: permission denied, access '/home/ubuntu/workspace/node_modules/busboy/node_modules']
99 error   errno: -13,
99 error   code: 'EACCES',
99 error   syscall: 'access',
99 error   path: '/home/ubuntu/workspace/node_modules/busboy/node_modules' }
100 error Please try running this command again as root/Administrator.
101 verbose exit [ -13, true ]
